-------------------------------------------------------------------------------
Test set: br.com.imoveis.ImoveisApiApplicationTests
-------------------------------------------------------------------------------
Tests run: 6, Failures: 1, Errors: 0, Skipped: 0, Time elapsed: 4.969 s <<< FAILURE! - in br.com.imoveis.ImoveisApiApplicationTests
retornarStatus200_AtualizaImovel(br.com.imoveis.ImoveisApiApplicationTests)  Time elapsed: 3.381 s  <<< FAILURE!
java.lang.AssertionError: 
1 expectation failed.
Expected status code <200> but was <500>.

	at br.com.imoveis.ImoveisApiApplicationTests.retornarStatus200_AtualizaImovel(ImoveisApiApplicationTests.java:102)

