<?xml version="1.0" encoding="UTF-8"?>
<testsuite xmlns:xsi="http://www.w3.org/2001/XMLSchema-instance" xsi:noNamespaceSchemaLocation="https://maven.apache.org/surefire/maven-surefire-plugin/xsd/surefire-test-report.xsd" name="br.com.imoveis.ImoveisApiApplicationTests" time="0.387" tests="1" errors="1" skipped="0" failures="0">
  <properties>
[...]
</properties>
  <testcase name="br.com.imoveis.ImoveisApiApplicationTests" classname="br.com.imoveis.ImoveisApiApplicationTests" time="0.385">
    <error message="Unable to find a @SpringBootConfiguration, you need to use @ContextConfiguration or @SpringBootTest(classes=...) with your test" type="java.lang.IllegalStateException">java.lang.IllegalStateException: Unable to find a @SpringBootConfiguration, you need to use @ContextConfiguration or @SpringBootTest(classes=...) with your test
</error>
    <system-out><![CDATA[05:30:09.986 [main] DEBUG org.springframework.test.context.BootstrapUtils - Instantiating CacheAwareContextLoaderDelegate from class [org.springframework.test.context.cache.DefaultCacheAwareContextLoaderDelegate]
05:30:10.012 [main] DEBUG org.springframework.test.context.BootstrapUtils - Instantiating BootstrapContext using constructor [public org.springframework.test.context.support.DefaultBootstrapContext(java.lang.Class,org.springframework.test.context.CacheAwareContextLoaderDelegate)]
05:30:10.083 [main] DEBUG org.springframework.test.context.BootstrapUtils - Instantiating TestContextBootstrapper for test class [br.com.imoveis.ImoveisApiApplicationTests] from class [org.springframework.boot.test.context.SpringBootTestContextBootstrapper]
05:30:10.103 [main] INFO org.springframework.boot.test.context.SpringBootTestContextBootstrapper - Neither @ContextConfiguration nor @ContextHierarchy found for test class [br.com.imoveis.ImoveisApiApplicationTests], using SpringBootContextLoader
05:30:10.111 [main] DEBUG org.springframework.test.context.support.AbstractContextLoader - Did not detect default resource location for test class [br.com.imoveis.ImoveisApiApplicationTests]: class path resource [br/com/imoveis/ImoveisApiApplicationTests-context.xml] does not exist
05:30:10.113 [main] DEBUG org.springframework.test.context.support.AbstractContextLoader - Did not detect default resource location for test class [br.com.imoveis.ImoveisApiApplicationTests]: class path resource [br/com/imoveis/ImoveisApiApplicationTestsContext.groovy] does not exist
05:30:10.114 [main] INFO org.springframework.test.context.support.AbstractContextLoader - Could not detect default resource locations for test class [br.com.imoveis.ImoveisApiApplicationTests]: no resource found for suffixes {-context.xml, Context.groovy}.
05:30:10.115 [main] INFO org.springframework.test.context.support.AnnotationConfigContextLoaderUtils - Could not detect default configuration classes for test class [br.com.imoveis.ImoveisApiApplicationTests]: ImoveisApiApplicationTests does not declare any static, non-private, non-final, nested classes annotated with @Configuration.
05:30:10.205 [main] DEBUG org.springframework.test.context.support.ActiveProfilesUtils - Could not find an 'annotation declaring class' for annotation type [org.springframework.test.context.ActiveProfiles] and class [br.com.imoveis.ImoveisApiApplicationTests]
]]></system-out>
  </testcase>
</testsuite>