<?xml version="1.0" encoding="UTF-8"?>
<testsuite xmlns:xsi="http://www.w3.org/2001/XMLSchema-instance" xsi:noNamespaceSchemaLocation="https://maven.apache.org/surefire/maven-surefire-plugin/xsd/surefire-test-report.xsd" name="br.com.imoveis.ImoveisApiApplicationTests" time="4.969" tests="6" errors="0" skipped="0" failures="1">
  <properties>
[...]
</properties>
  <testcase name="retornarStatus200_AtualizaImovel" classname="br.com.imoveis.ImoveisApiApplicationTests" time="3.381">
    <failure message="1 expectation failed.&#10;Expected status code &lt;200&gt; but was &lt;500&gt;.&#10;" type="java.lang.AssertionError"><![CDATA[java.lang.AssertionError: 
1 expectation failed.
Expected status code <200> but was <500>.

	at br.com.imoveis.ImoveisApiApplicationTests.retornarStatus200_AtualizaImovel(ImoveisApiApplicationTests.java:102)
]]></failure>
    <system-out><![CDATA[09:58:40.235 [main] DEBUG org.apache.http.impl.conn.BasicClientConnectionManager - Get connection for route {}->http://localhost:8080
09:58:40.266 [main] DEBUG org.apache.http.impl.conn.DefaultClientConnectionOperator - Connecting to localhost:8080
09:58:40.311 [main] DEBUG org.apache.http.client.protocol.RequestAddCookies - CookieSpec selected: ignoreCookies
09:58:40.314 [main] DEBUG org.apache.http.client.protocol.RequestAuthCache - Auth cache not set in the context
09:58:40.315 [main] DEBUG org.apache.http.client.protocol.RequestTargetAuthentication - Target auth state: UNCHALLENGED
09:58:40.315 [main] DEBUG org.apache.http.client.protocol.RequestProxyAuthentication - Proxy auth state: UNCHALLENGED
09:58:40.316 [main] DEBUG org.apache.http.impl.client.DefaultHttpClient - Attempt 1 to execute request
09:58:40.316 [main] DEBUG org.apache.http.impl.conn.DefaultClientConnection - Sending request: PUT /api/v1/imoveis/10 HTTP/1.1
09:58:40.316 [main] DEBUG org.apache.http.wire -  >> "PUT /api/v1/imoveis/10 HTTP/1.1[\r][\n]"
09:58:40.318 [main] DEBUG org.apache.http.wire -  >> "Accept: */*[\r][\n]"
09:58:40.318 [main] DEBUG org.apache.http.wire -  >> "Content-Type: application/json[\r][\n]"
09:58:40.318 [main] DEBUG org.apache.http.wire -  >> "Content-Length: 206[\r][\n]"
09:58:40.318 [main] DEBUG org.apache.http.wire -  >> "Host: localhost:8080[\r][\n]"
09:58:40.318 [main] DEBUG org.apache.http.wire -  >> "Connection: Keep-Alive[\r][\n]"
09:58:40.318 [main] DEBUG org.apache.http.wire -  >> "User-Agent: Apache-HttpClient/4.5.13 (Java/11.0.13)[\r][\n]"
09:58:40.318 [main] DEBUG org.apache.http.wire -  >> "Accept-Encoding: gzip,deflate[\r][\n]"
09:58:40.318 [main] DEBUG org.apache.http.wire -  >> "[\r][\n]"
09:58:40.318 [main] DEBUG org.apache.http.headers - >> PUT /api/v1/imoveis/10 HTTP/1.1
09:58:40.318 [main] DEBUG org.apache.http.headers - >> Accept: */*
09:58:40.319 [main] DEBUG org.apache.http.headers - >> Content-Type: application/json
09:58:40.319 [main] DEBUG org.apache.http.headers - >> Content-Length: 206
09:58:40.319 [main] DEBUG org.apache.http.headers - >> Host: localhost:8080
09:58:40.319 [main] DEBUG org.apache.http.headers - >> Connection: Keep-Alive
09:58:40.319 [main] DEBUG org.apache.http.headers - >> User-Agent: Apache-HttpClient/4.5.13 (Java/11.0.13)
09:58:40.319 [main] DEBUG org.apache.http.headers - >> Accept-Encoding: gzip,deflate
09:58:40.319 [main] DEBUG org.apache.http.wire -  >> "{"area":"3000","uf":"AM","cidade":"CIDADE TESTE","suite":"3","numero":"1234","logradouro":"RUA TESTE","bairro":"JARDIM DOS TESTES","dormitorio":"20","valor":"139.58","id":"10","descricao":"CASA ATUALIZADA"}"
09:58:40.329 [main] DEBUG org.apache.http.wire -  << "HTTP/1.1 500 [\r][\n]"
09:58:40.332 [main] DEBUG org.apache.http.wire -  << "Content-Type: application/json[\r][\n]"
09:58:40.332 [main] DEBUG org.apache.http.wire -  << "Transfer-Encoding: chunked[\r][\n]"
09:58:40.332 [main] DEBUG org.apache.http.wire -  << "Date: Mon, 04 Apr 2022 12:58:40 GMT[\r][\n]"
09:58:40.332 [main] DEBUG org.apache.http.wire -  << "Connection: close[\r][\n]"
09:58:40.332 [main] DEBUG org.apache.http.wire -  << "[\r][\n]"
09:58:40.333 [main] DEBUG org.apache.http.impl.conn.DefaultClientConnection - Receiving response: HTTP/1.1 500 
09:58:40.333 [main] DEBUG org.apache.http.headers - << HTTP/1.1 500 
09:58:40.333 [main] DEBUG org.apache.http.headers - << Content-Type: application/json
09:58:40.333 [main] DEBUG org.apache.http.headers - << Transfer-Encoding: chunked
09:58:40.334 [main] DEBUG org.apache.http.headers - << Date: Mon, 04 Apr 2022 12:58:40 GMT
09:58:40.334 [main] DEBUG org.apache.http.headers - << Connection: close
09:58:40.379 [main] DEBUG io.restassured.internal.RequestSpecificationImpl$RestAssuredHttpBuilder - Parsing response as: application/json
09:58:40.380 [main] DEBUG io.restassured.internal.RequestSpecificationImpl$RestAssuredHttpBuilder - Parsed data to instance of: class org.apache.http.conn.EofSensorInputStream
]]></system-out>
  </testcase>
  <testcase name="retornarStatus200_PesquisaIdExistente" classname="br.com.imoveis.ImoveisApiApplicationTests" time="0.081"/>
  <testcase name="retornarStatus200_PesquisaPaginada" classname="br.com.imoveis.ImoveisApiApplicationTests" time="0.034"/>
  <testcase name="retornarStatus201_CriandoImovel" classname="br.com.imoveis.ImoveisApiApplicationTests" time="0.04"/>
  <testcase name="retornarStatus404_PaginaNaoExiste" classname="br.com.imoveis.ImoveisApiApplicationTests" time="0.034"/>
  <testcase name="retornarStatus404_RegistroPesquisaNaoExiste" classname="br.com.imoveis.ImoveisApiApplicationTests" time="0.013"/>
</testsuite>